private: System::Void MyForm_Load(System::Object^  sender, System::EventArgs^  e)
10101010
01010101
10101010
00000000
00000000
02020202
20202020
02020202
btnNextMove_Click(System::Object^  sender, System::EventArgs^  e)
void execute()
101 0 1 0 1 0 1 0 
0 1 0 1 0 1 0 1 
1 0 1 0 1 0 1 0 
0 0 0 0 0 0 0 0 
0 0 0 0 0 0 0 0 
0 2 0 2 0 2 0 2 
2 0 2 0 2 0 2 0 
0 2 0 2 0 2 0 2 
Calling thread for player1
Thread Handle: 00000420

 n:7  val5(2,0) to (3,1)
(2,2) to (3,3)
(2,2) to (3,1)
(2,4) to (3,5)
(2,4) to (3,3)
(2,6) to (3,7)
(2,6) to (3,5)
Move by player 1:(2,6) to (3,7)
void markCells(int _x(2), int _y(6), int _key(1))
7
a1
void markCells(int _x(3), int _y(7), int _key(2))

a5
12bool Driver::validateMove(int _xNew, int _yNew, int _xOld, int _yOld)int Driver::flipPlayer(int _playerId)Player:1OppositePlayer:2Continued?0
Valid Move for player 1
public: void updateScreen()
10101010
01010101
10101000
00000001
00000000
02020202
20202020
02020202
void markCells(int _x(2), int _y(6), int _key(0))

a5
0void markCells(int _x(3), int _y(7), int _key(0))
1
a1
btnNextMove_Click(System::Object^  sender, System::EventArgs^  e)
void execute()
111 0 1 0 1 0 1 0 
0 1 0 1 0 1 0 1 
1 0 1 0 1 0 0 0 
0 0 0 0 0 0 0 1 
0 0 0 0 0 0 0 0 
0 2 0 2 0 2 0 2 
2 0 2 0 2 0 2 0 
0 2 0 2 0 2 0 2 
Calling thread for player2
Thread handle: 000003C8
void Player_2Wrapper(void *_args)

 n2:7  val1(5,1) to (4,2
(5,1) to (4,0
(5,3) to (4,4
(5,3) to (4,2
(5,5) to (4,6
(5,5) to (4,4
(5,7) to (4,6
Move by player 2:(5,1) to (4,0)
void markCells(int _x(5), int _y(1), int _key(1))
10
a3
void markCells(int _x(4), int _y(0), int _key(2))

a5
12bool Driver::validateMove(int _xNew, int _yNew, int _xOld, int _yOld)int Driver::flipPlayer(int _playerId)Player:2OppositePlayer:1Continued?0
Valid Move for player 2
public: void updateScreen()
10101010
01010101
10101000
00000001
20000000
00020202
20202020
02020202
void markCells(int _x(5), int _y(1), int _key(0))

a5
0void markCells(int _x(4), int _y(0), int _key(0))
4
a3
btnNextMove_Click(System::Object^  sender, System::EventArgs^  e)
void execute()
111 0 1 0 1 0 1 0 
0 1 0 1 0 1 0 1 
1 0 1 0 1 0 0 0 
0 0 0 0 0 0 0 1 
2 0 0 0 0 0 0 0 
0 0 0 2 0 2 0 2 
2 0 2 0 2 0 2 0 
0 2 0 2 0 2 0 2 
Calling thread for player1
Thread Handle: 00000444

 n:8  val2(1,5) to (2,6)
(1,7) to (2,6)
(2,0) to (3,1)
(2,2) to (3,3)
(2,2) to (3,1)
(2,4) to (3,5)
(2,4) to (3,3)
(3,7) to (4,6)
Move by player 1:(2,0) to (3,1)
void markCells(int _x(2), int _y(0), int _key(1))
7
a1
void markCells(int _x(3), int _y(1), int _key(2))

a5
12bool Driver::validateMove(int _xNew, int _yNew, int _xOld, int _yOld)int Driver::flipPlayer(int _playerId)Player:1OppositePlayer:2Continued?0
Valid Move for player 1
public: void updateScreen()
10101010
01010101
00101000
01000001
20000000
00020202
20202020
02020202
void markCells(int _x(2), int _y(0), int _key(0))

a5
0void markCells(int _x(3), int _y(1), int _key(0))
1
a1
btnNextMove_Click(System::Object^  sender, System::EventArgs^  e)
void execute()
111 0 1 0 1 0 1 0 
0 1 0 1 0 1 0 1 
0 0 1 0 1 0 0 0 
0 1 0 0 0 0 0 1 
2 0 0 0 0 0 0 0 
0 0 0 2 0 2 0 2 
2 0 2 0 2 0 2 0 
0 2 0 2 0 2 0 2 
Calling thread for player2
Thread handle: 00000454
void Player_2Wrapper(void *_args)

 n2:7  val4(5,3) to (4,4
(5,3) to (4,2
(5,5) to (4,6
(5,5) to (4,4
(5,7) to (4,6
(6,0) to (5,1
(6,2) to (5,1
Move by player 2:(5,7) to (4,6)
void markCells(int _x(5), int _y(7), int _key(1))
10
a3
void markCells(int _x(4), int _y(6), int _key(2))

a5
12bool Driver::validateMove(int _xNew, int _yNew, int _xOld, int _yOld)int Driver::flipPlayer(int _playerId)Player:2OppositePlayer:1Continued?0
Valid Move for player 2
public: void updateScreen()
10101010
01010101
00101000
01000001
20000020
00020200
20202020
02020202
void markCells(int _x(5), int _y(7), int _key(0))

a5
0void markCells(int _x(4), int _y(6), int _key(0))
4
a3
btnNextMove_Click(System::Object^  sender, System::EventArgs^  e)
void execute()
111 0 1 0 1 0 1 0 
0 1 0 1 0 1 0 1 
0 0 1 0 1 0 0 0 
0 1 0 0 0 0 0 1 
2 0 0 0 0 0 2 0 
0 0 0 2 0 2 0 0 
2 0 2 0 2 0 2 0 
0 2 0 2 0 2 0 2 
Calling thread for player1
Thread Handle: 00000440

 n:7  val3(1,1) to (2,0)
(1,5) to (2,6)
(1,7) to (2,6)
(2,2) to (3,3)
(2,4) to (3,5)
(2,4) to (3,3)
(3,1) to (4,2)
Move by player 1:(2,2) to (3,3)
void markCells(int _x(2), int _y(2), int _key(1))
7
a1
void markCells(int _x(3), int _y(3), int _key(2))

a5
12bool Driver::validateMove(int _xNew, int _yNew, int _xOld, int _yOld)int Driver::flipPlayer(int _playerId)Player:1OppositePlayer:2Continued?0
Valid Move for player 1
public: void updateScreen()
10101010
01010101
00001000
01010001
20000020
00020200
20202020
02020202
void markCells(int _x(2), int _y(2), int _key(0))

a5
0void markCells(int _x(3), int _y(3), int _key(0))
1
a1
btnNextMove_Click(System::Object^  sender, System::EventArgs^  e)
void execute()
111 0 1 0 1 0 1 0 
0 1 0 1 0 1 0 1 
0 0 0 0 1 0 0 0 
0 1 0 1 0 0 0 1 
2 0 0 0 0 0 2 0 
0 0 0 2 0 2 0 0 
2 0 2 0 2 0 2 0 
0 2 0 2 0 2 0 2 
Calling thread for player2
Thread handle: 00000440
void Player_2Wrapper(void *_args)

 n2:8  val0(4,0) to (2,2
(4,6) to (3,5
(5,3) to (4,4
(5,3) to (4,2
(5,5) to (4,4
(6,0) to (5,1
(6,2) to (5,1
(6,6) to (5,7
Move by player 2:(4,0) to (2,2)
void markCells(int _x(4), int _y(0), int _key(1))
10
a3
void markCells(int _x(2), int _y(2), int _key(2))

a5
12bool Driver::validateMove(int _xNew, int _yNew, int _xOld, int _yOld)int Driver::flipPlayer(int _playerId)Player:2OppositePlayer:1Continued?0
Valid Move for player 2
public: void updateScreen()
10101010
01010101
00201000
00010001
00000020
00020200
20202020
02020202
void markCells(int _x(4), int _y(0), int _key(0))

a5
0void markCells(int _x(2), int _y(2), int _key(0))
4
a3
void markCells(int _x(3), int _y(1), int _key(0))

a5
0btnNextMove_Click(System::Object^  sender, System::EventArgs^  e)
void execute()
111 0 1 0 1 0 1 0 
0 1 0 1 0 1 0 1 
0 0 2 0 1 0 0 0 
0 0 0 1 0 0 0 1 
0 0 0 0 0 0 2 0 
0 0 0 2 0 2 0 0 
2 0 2 0 2 0 2 0 
0 2 0 2 0 2 0 2 
Calling thread for player2
Thread handle: 00000450
void Player_2Wrapper(void *_args)

 n2:1  val0(2,2) to (2,2
Move by player 2:(2,2) to (2,2)
void markCells(int _x(2), int _y(2), int _key(1))
10
a3
void markCells(int _x(2), int _y(2), int _key(2))
16
a3
bool Driver::validateMove(int _xNew, int _yNew, int _xOld, int _yOld)int Driver::flipPlayer(int _playerId)Player:2OppositePlayer:1Continued?1
Valid Move for player 2
public: void updateScreen()
10101010
01010101
00201000
00010001
00000020
00020200
20202020
02020202
void markCells(int _x(2), int _y(2), int _key(0))
4
a3
void markCells(int _x(2), int _y(2), int _key(0))
4
a3
btnNextMove_Click(System::Object^  sender, System::EventArgs^  e)
void execute()
111 0 1 0 1 0 1 0 
0 1 0 1 0 1 0 1 
0 0 2 0 1 0 0 0 
0 0 0 1 0 0 0 1 
0 0 0 0 0 0 2 0 
0 0 0 2 0 2 0 0 
2 0 2 0 2 0 2 0 
0 2 0 2 0 2 0 2 
Calling thread for player1
Thread Handle: 00000450

 n:7  val2(1,1) to (2,0)
(1,3) to (3,1)
(1,5) to (2,6)
(1,7) to (2,6)
(2,4) to (3,5)
(3,3) to (4,4)
(3,3) to (4,2)
Move by player 1:(1,5) to (2,6)
void markCells(int _x(1), int _y(5), int _key(1))
7
a1
void markCells(int _x(2), int _y(6), int _key(2))

a5
12bool Driver::validateMove(int _xNew, int _yNew, int _xOld, int _yOld)int Driver::flipPlayer(int _playerId)Player:1OppositePlayer:2Continued?0
Valid Move for player 1
public: void updateScreen()
10101010
01010001
00201010
00010001
00000020
00020200
20202020
02020202
void markCells(int _x(1), int _y(5), int _key(0))

a5
0void markCells(int _x(2), int _y(6), int _key(0))
1
a1
btnNextMove_Click(System::Object^  sender, System::EventArgs^  e)
void execute()
111 0 1 0 1 0 1 0 
0 1 0 1 0 0 0 1 
0 0 2 0 1 0 1 0 
0 0 0 1 0 0 0 1 
0 0 0 0 0 0 2 0 
0 0 0 2 0 2 0 0 
2 0 2 0 2 0 2 0 
0 2 0 2 0 2 0 2 
Calling thread for player2
Thread handle: 00000460
void Player_2Wrapper(void *_args)

 n2:7  val6(4,6) to (3,5
(5,3) to (4,4
(5,3) to (4,2
(5,5) to (4,4
(6,0) to (5,1
(6,2) to (5,1
(6,6) to (5,7
Move by player 2:(6,6) to (5,7)
void markCells(int _x(6), int _y(6), int _key(1))
10
a3
void markCells(int _x(5), int _y(7), int _key(2))

a5
12bool Driver::validateMove(int _xNew, int _yNew, int _xOld, int _yOld)int Driver::flipPlayer(int _playerId)Player:2OppositePlayer:1Continued?0
Valid Move for player 2
public: void updateScreen()
10101010
01010001
00201010
00010001
00000020
00020202
20202000
02020202
void markCells(int _x(6), int _y(6), int _key(0))

a5
0void markCells(int _x(5), int _y(7), int _key(0))
4
a3
btnNextMove_Click(System::Object^  sender, System::EventArgs^  e)
void execute()
111 0 1 0 1 0 1 0 
0 1 0 1 0 0 0 1 
0 0 2 0 1 0 1 0 
0 0 0 1 0 0 0 1 
0 0 0 0 0 0 2 0 
0 0 0 2 0 2 0 2 
2 0 2 0 2 0 0 0 
0 2 0 2 0 2 0 2 
Calling thread for player1
Thread Handle: 00000460

 n:8  val3(0,4) to (1,5)
(0,6) to (1,5)
(1,1) to (2,0)
(1,3) to (3,1)
(2,4) to (3,5)
(2,6) to (3,5)
(3,3) to (4,4)
(3,3) to (4,2)
Move by player 1:(1,3) to (3,1)
void markCells(int _x(1), int _y(3), int _key(1))
7
a1
void markCells(int _x(3), int _y(1), int _key(2))

a5
12bool Driver::validateMove(int _xNew, int _yNew, int _xOld, int _yOld)int Driver::flipPlayer(int _playerId)Player:1OppositePlayer:2Continued?0
Valid Move for player 1
public: void updateScreen()
10101010
01000001
00001010
01010001
00000020
00020202
20202000
02020202
void markCells(int _x(1), int _y(3), int _key(0))

a5
0void markCells(int _x(3), int _y(1), int _key(0))
1
a1
void markCells(int _x(2), int _y(2), int _key(0))

a5
0btnNextMove_Click(System::Object^  sender, System::EventArgs^  e)
void execute()
111 0 1 0 1 0 1 0 
0 1 0 0 0 0 0 1 
0 0 0 0 1 0 1 0 
0 1 0 1 0 0 0 1 
0 0 0 0 0 0 2 0 
0 0 0 2 0 2 0 2 
2 0 2 0 2 0 0 0 
0 2 0 2 0 2 0 2 
Calling thread for player1
Thread Handle: 0000045C

 n:1  val0(3,1) to (3,1)
Move by player 1:(3,1) to (3,1)
void markCells(int _x(3), int _y(1), int _key(1))
7
a1
void markCells(int _x(3), int _y(1), int _key(2))
13
a1
bool Driver::validateMove(int _xNew, int _yNew, int _xOld, int _yOld)int Driver::flipPlayer(int _playerId)Player:1OppositePlayer:2Continued?1
Valid Move for player 1
public: void updateScreen()
10101010
01000001
00001010
01010001
00000020
00020202
20202000
02020202
void markCells(int _x(3), int _y(1), int _key(0))
1
a1
void markCells(int _x(3), int _y(1), int _key(0))
1
a1
btnNextMove_Click(System::Object^  sender, System::EventArgs^  e)
void execute()
111 0 1 0 1 0 1 0 
0 1 0 0 0 0 0 1 
0 0 0 0 1 0 1 0 
0 1 0 1 0 0 0 1 
0 0 0 0 0 0 2 0 
0 0 0 2 0 2 0 2 
2 0 2 0 2 0 0 0 
0 2 0 2 0 2 0 2 
Calling thread for player2
Thread handle: 00000458
void Player_2Wrapper(void *_args)

 n2:8  val5(4,6) to (3,5
(5,3) to (4,4
(5,3) to (4,2
(5,5) to (4,4
(6,0) to (5,1
(6,2) to (5,1
(7,5) to (6,6
(7,7) to (6,6
Move by player 2:(6,2) to (5,1)
void markCells(int _x(6), int _y(2), int _key(1))
10
a3
void markCells(int _x(5), int _y(1), int _key(2))

a5
12bool Driver::validateMove(int _xNew, int _yNew, int _xOld, int _yOld)int Driver::flipPlayer(int _playerId)Player:2OppositePlayer:1Continued?0
Valid Move for player 2
public: void updateScreen()
10101010
01000001
00001010
01010001
00000020
02020202
20002000
02020202
void markCells(int _x(6), int _y(2), int _key(0))

a5
0void markCells(int _x(5), int _y(1), int _key(0))
4
a3
btnNextMove_Click(System::Object^  sender, System::EventArgs^  e)
void execute()
111 0 1 0 1 0 1 0 
0 1 0 0 0 0 0 1 
0 0 0 0 1 0 1 0 
0 1 0 1 0 0 0 1 
0 0 0 0 0 0 2 0 
0 2 0 2 0 2 0 2 
2 0 0 0 2 0 0 0 
0 2 0 2 0 2 0 2 
Calling thread for player1
Thread Handle: 0000045C

 n:12  val8(0,2) to (1,3)
(0,4) to (1,5)
(0,4) to (1,3)
(0,6) to (1,5)
(1,1) to (2,2)
(1,1) to (2,0)
(2,4) to (3,5)
(2,6) to (3,5)
(3,1) to (4,2)
(3,1) to (4,0)
(3,3) to (4,4)
(3,3) to (4,2)
Move by player 1:(3,1) to (4,2)
void markCells(int _x(3), int _y(1), int _key(1))
7
a1
void markCells(int _x(4), int _y(2), int _key(2))

a5
12bool Driver::validateMove(int _xNew, int _yNew, int _xOld, int _yOld)int Driver::flipPlayer(int _playerId)Player:1OppositePlayer:2Continued?0
Valid Move for player 1
public: void updateScreen()
10101010
01000001
00001010
00010001
00100020
02020202
20002000
02020202
void markCells(int _x(3), int _y(1), int _key(0))

a5
0void markCells(int _x(4), int _y(2), int _key(0))
1
a1
