c:\users\abhinav123\documents\visual studio 2013\projects\checkersinterface\checkersinterface\debug\checkersinterface.myform.resources
c:\users\abhinav123\documents\visual studio 2013\projects\checkersinterface\checkersinterface\debug\vc120.pdb
c:\users\abhinav123\documents\visual studio 2013\projects\checkersinterface\checkersinterface\debug\.netframework,version=v4.5.assemblyattributes.obj
c:\users\abhinav123\documents\visual studio 2013\projects\checkersinterface\checkersinterface\debug\myform.obj
c:\users\abhinav123\documents\visual studio 2013\projects\checkersinterface\checkersinterface\debug\player_2.obj
c:\users\abhinav123\documents\visual studio 2013\projects\checkersinterface\checkersinterface\debug\player_1.obj
c:\users\abhinav123\documents\visual studio 2013\projects\checkersinterface\checkersinterface\debug\checkersmain.obj
c:\users\abhinav123\documents\visual studio 2013\projects\checkersinterface\checkersinterface\debug\checkersinterface.vcxproj.generateresource.cache
c:\users\abhinav123\documents\visual studio 2013\projects\checkersinterface\checkersinterface\debug\checkersinterface.vcxprojresolveassemblyreference.cache
c:\users\abhinav123\documents\visual studio 2013\projects\checkersinterface\debug\checkersinterface.pdb
c:\users\abhinav123\documents\visual studio 2013\projects\checkersinterface\debug\checkersinterface.exe
c:\users\abhinav123\documents\visual studio 2013\projects\checkersinterface\checkersinterface\debug\checkers.1bcd4ebd.tlog\checkersinterface.write.1u.tlog
c:\users\abhinav123\documents\visual studio 2013\projects\checkersinterface\checkersinterface\debug\checkers.1bcd4ebd.tlog\cl.command.1.tlog
c:\users\abhinav123\documents\visual studio 2013\projects\checkersinterface\checkersinterface\debug\checkers.1bcd4ebd.tlog\cl.read.1.tlog
c:\users\abhinav123\documents\visual studio 2013\projects\checkersinterface\checkersinterface\debug\checkers.1bcd4ebd.tlog\cl.write.1.tlog
c:\users\abhinav123\documents\visual studio 2013\projects\checkersinterface\checkersinterface\debug\checkers.1bcd4ebd.tlog\link.command.1.tlog
c:\users\abhinav123\documents\visual studio 2013\projects\checkersinterface\checkersinterface\debug\checkers.1bcd4ebd.tlog\link.read.1.tlog
c:\users\abhinav123\documents\visual studio 2013\projects\checkersinterface\checkersinterface\debug\checkers.1bcd4ebd.tlog\link.write.1.tlog
c:\users\abhinav123\documents\visual studio 2013\projects\checkersinterface\checkersinterface\debug\checkers.1bcd4ebd.tlog\metagen.read.1.tlog
c:\users\abhinav123\documents\visual studio 2013\projects\checkersinterface\checkersinterface\debug\checkers.1bcd4ebd.tlog\metagen.write.1.tlog
c:\users\abhinav123\documents\visual studio 2013\projects\checkersinterface\checkersinterface\debug\checkers.1bcd4ebd.tlog\tzres.dll.bi
