c:\users\abhinav123\documents\visual studio 2013\projects\checkersinterfaceslow\checkersinterface\release\checkersinterface.myform.resources
c:\users\abhinav123\documents\visual studio 2013\projects\checkersinterface\checkersinterface\release\checkersinterface.myform.resources
c:\users\abhinav123\documents\visual studio 2013\projects\checkersinterfaceslow\checkersinterface\release\vc120.pdb
c:\users\abhinav123\documents\visual studio 2013\projects\checkersinterfaceslow\checkersinterface\release\myform.obj
c:\users\abhinav123\documents\visual studio 2013\projects\checkersinterface\checkersinterface\release\vc120.pdb
c:\users\abhinav123\documents\visual studio 2013\projects\checkersinterface\checkersinterface\release\myform.obj
c:\users\abhinav123\documents\visual studio 2013\projects\checkersinterfaceslow\release\checkersinterface.exe
c:\users\abhinav123\documents\visual studio 2013\projects\checkersinterfaceslow\release\checkersinterface.pdb
c:\users\abhinav123\documents\visual studio 2013\projects\checkersinterface\checkersinterface\release\checkersinterface.vcxproj.generateresource.cache
c:\users\abhinav123\documents\visual studio 2013\projects\checkersinterface\checkersinterface\release\checkersinterface.vcxprojresolveassemblyreference.cache
c:\users\abhinav123\documents\visual studio 2013\projects\checkersinterface\checkersinterface\release\.netframework,version=v4.5.assemblyattributes.obj
c:\users\abhinav123\documents\visual studio 2013\projects\checkersinterface\release\checkersinterface.pdb
c:\users\abhinav123\documents\visual studio 2013\projects\checkersinterface\release\checkersinterface.exe
c:\users\abhinav123\documents\visual studio 2013\projects\checkersinterface\checkersinterface\release\checkers.1bcd4ebd.tlog\checkersinterface.write.1u.tlog
c:\users\abhinav123\documents\visual studio 2013\projects\checkersinterface\checkersinterface\release\checkers.1bcd4ebd.tlog\cl.command.1.tlog
c:\users\abhinav123\documents\visual studio 2013\projects\checkersinterface\checkersinterface\release\checkers.1bcd4ebd.tlog\cl.read.1.tlog
c:\users\abhinav123\documents\visual studio 2013\projects\checkersinterface\checkersinterface\release\checkers.1bcd4ebd.tlog\cl.write.1.tlog
c:\users\abhinav123\documents\visual studio 2013\projects\checkersinterface\checkersinterface\release\checkers.1bcd4ebd.tlog\link.command.1.tlog
c:\users\abhinav123\documents\visual studio 2013\projects\checkersinterface\checkersinterface\release\checkers.1bcd4ebd.tlog\link.read.1.tlog
c:\users\abhinav123\documents\visual studio 2013\projects\checkersinterface\checkersinterface\release\checkers.1bcd4ebd.tlog\link.write.1.tlog
c:\users\abhinav123\documents\visual studio 2013\projects\checkersinterface\checkersinterface\release\checkers.1bcd4ebd.tlog\metagen.read.1.tlog
c:\users\abhinav123\documents\visual studio 2013\projects\checkersinterface\checkersinterface\release\checkers.1bcd4ebd.tlog\metagen.write.1.tlog
c:\users\abhinav123\documents\visual studio 2013\projects\checkersinterface\checkersinterface\release\checkers.1bcd4ebd.tlog\tzres.dll.bi
